[2016-09-06 16:07:42] request.ERROR: Uncaught PHP Exception Symfony\Component\HttpKernel\Exception\NotFoundHttpException: "No route found for "GET /web/public/bootstrap-3.3.7-dist/css/bootstrap.min.css" (from "http://localhost/ehsdls15g1-master/web/app_dev.php/users/12/show")" at C:\xampp\htdocs\ehsdls15g1-master\vendor\symfony\symfony\src\Symfony\Component\HttpKernel\EventListener\RouterListener.php line 176 {"exception":"[object] (Symfony\\Component\\HttpKernel\\Exception\\NotFoundHttpException(code: 0): No route found for \"GET /web/public/bootstrap-3.3.7-dist/css/bootstrap.min.css\" (from \"http://localhost/ehsdls15g1-master/web/app_dev.php/users/12/show\") at C:\\xampp\\htdocs\\ehsdls15g1-master\\vendor\\symfony\\symfony\\src\\Symfony\\Component\\HttpKernel\\EventListener\\RouterListener.php:176, Symfony\\Component\\Routing\\Exception\\ResourceNotFoundException(code: 0):  at C:\\xampp\\htdocs\\ehsdls15g1-master\\app\\cache\\prod\\appProdUrlMatcher.php:300)"} []
[2016-09-06 16:07:42] request.ERROR: Uncaught PHP Exception Symfony\Component\HttpKernel\Exception\NotFoundHttpException: "No route found for "GET /web/public/style/style.css" (from "http://localhost/ehsdls15g1-master/web/app_dev.php/users/12/show")" at C:\xampp\htdocs\ehsdls15g1-master\vendor\symfony\symfony\src\Symfony\Component\HttpKernel\EventListener\RouterListener.php line 176 {"exception":"[object] (Symfony\\Component\\HttpKernel\\Exception\\NotFoundHttpException(code: 0): No route found for \"GET /web/public/style/style.css\" (from \"http://localhost/ehsdls15g1-master/web/app_dev.php/users/12/show\") at C:\\xampp\\htdocs\\ehsdls15g1-master\\vendor\\symfony\\symfony\\src\\Symfony\\Component\\HttpKernel\\EventListener\\RouterListener.php:176, Symfony\\Component\\Routing\\Exception\\ResourceNotFoundException(code: 0):  at C:\\xampp\\htdocs\\ehsdls15g1-master\\app\\cache\\prod\\appProdUrlMatcher.php:300)"} []
[2016-09-07 23:55:22] request.ERROR: Uncaught PHP Exception Symfony\Component\HttpKernel\Exception\NotFoundHttpException: "No route found for "GET /images/wip_ehs.png" (from "http://localhost/ehsdls15g1-master/web/app_dev.php/")" at C:\xampp\htdocs\ehsdls15g1-master\vendor\symfony\symfony\src\Symfony\Component\HttpKernel\EventListener\RouterListener.php line 176 {"exception":"[object] (Symfony\\Component\\HttpKernel\\Exception\\NotFoundHttpException(code: 0): No route found for \"GET /images/wip_ehs.png\" (from \"http://localhost/ehsdls15g1-master/web/app_dev.php/\") at C:\\xampp\\htdocs\\ehsdls15g1-master\\vendor\\symfony\\symfony\\src\\Symfony\\Component\\HttpKernel\\EventListener\\RouterListener.php:176, Symfony\\Component\\Routing\\Exception\\ResourceNotFoundException(code: 0):  at C:\\xampp\\htdocs\\ehsdls15g1-master\\app\\cache\\prod\\appProdUrlMatcher.php:300)"} []
[2016-09-08 00:09:25] request.ERROR: Uncaught PHP Exception Symfony\Component\HttpKernel\Exception\NotFoundHttpException: "No route found for "GET /js/bootstrap.min.js" (from "http://localhost/ehsdls15g1-master/web/app_dev.php/")" at C:\xampp\htdocs\ehsdls15g1-master\app\cache\prod\classes.php line 2605 {"exception":"[object] (Symfony\\Component\\HttpKernel\\Exception\\NotFoundHttpException(code: 0): No route found for \"GET /js/bootstrap.min.js\" (from \"http://localhost/ehsdls15g1-master/web/app_dev.php/\") at C:\\xampp\\htdocs\\ehsdls15g1-master\\app\\cache\\prod\\classes.php:2605, Symfony\\Component\\Routing\\Exception\\ResourceNotFoundException(code: 0):  at C:\\xampp\\htdocs\\ehsdls15g1-master\\app\\cache\\prod\\appProdUrlMatcher.php:300)"} []
[2016-09-08 00:10:09] request.ERROR: Uncaught PHP Exception Symfony\Component\HttpKernel\Exception\NotFoundHttpException: "No route found for "GET /js/bootstrap.min.js" (from "http://localhost/ehsdls15g1-master/web/app_dev.php/")" at C:\xampp\htdocs\ehsdls15g1-master\app\cache\prod\classes.php line 2605 {"exception":"[object] (Symfony\\Component\\HttpKernel\\Exception\\NotFoundHttpException(code: 0): No route found for \"GET /js/bootstrap.min.js\" (from \"http://localhost/ehsdls15g1-master/web/app_dev.php/\") at C:\\xampp\\htdocs\\ehsdls15g1-master\\app\\cache\\prod\\classes.php:2605, Symfony\\Component\\Routing\\Exception\\ResourceNotFoundException(code: 0):  at C:\\xampp\\htdocs\\ehsdls15g1-master\\app\\cache\\prod\\appProdUrlMatcher.php:300)"} []
[2016-09-12 20:06:55] request.INFO: Matched route "users_new". {"route_parameters":{"_controller":"EhsBundle\\Controller\\UsersController::newAction","_route":"users_new"},"request_uri":"http://localhost/ehs/web/users/new"} []
[2016-09-12 20:06:55] security.INFO: Populated the TokenStorage with an anonymous Token. [] []
[2016-09-12 20:06:55] event.DEBUG: Notified event "kernel.request" to listener "Symfony\Component\HttpKernel\EventListener\DebugHandlersListener::configure". [] []
[2016-09-12 20:06:55] event.DEBUG: Notified event "kernel.request" to listener "Symfony\Component\HttpKernel\EventListener\ValidateRequestListener::onKernelRequest". [] []
[2016-09-12 20:06:55] event.DEBUG: Notified event "kernel.request" to listener "Symfony\Bundle\FrameworkBundle\EventListener\SessionListener::onKernelRequest". [] []
[2016-09-12 20:06:55] event.DEBUG: Notified event "kernel.request" to listener "Symfony\Component\HttpKernel\EventListener\FragmentListener::onKernelRequest". [] []
[2016-09-12 20:06:55] event.DEBUG: Notified event "kernel.request" to listener "Symfony\Component\HttpKernel\EventListener\RouterListener::onKernelRequest". [] []
[2016-09-12 20:06:55] event.DEBUG: Notified event "kernel.request" to listener "Symfony\Component\HttpKernel\EventListener\LocaleListener::onKernelRequest". [] []
[2016-09-12 20:06:55] event.DEBUG: Notified event "kernel.request" to listener "Symfony\Component\HttpKernel\EventListener\TranslatorListener::onKernelRequest". [] []
[2016-09-12 20:06:55] event.DEBUG: Notified event "kernel.request" to listener "Symfony\Component\Security\Http\Firewall::onKernelRequest". [] []
[2016-09-12 20:06:55] event.DEBUG: Notified event "kernel.controller" to listener "Sensio\Bundle\FrameworkExtraBundle\EventListener\ControllerListener::onKernelController". [] []
[2016-09-12 20:06:55] event.DEBUG: Notified event "kernel.controller" to listener "Sensio\Bundle\FrameworkExtraBundle\EventListener\ParamConverterListener::onKernelController". [] []
[2016-09-12 20:06:55] event.DEBUG: Notified event "kernel.controller" to listener "Sensio\Bundle\FrameworkExtraBundle\EventListener\HttpCacheListener::onKernelController". [] []
[2016-09-12 20:06:55] event.DEBUG: Notified event "kernel.controller" to listener "Sensio\Bundle\FrameworkExtraBundle\EventListener\SecurityListener::onKernelController". [] []
[2016-09-12 20:06:55] event.DEBUG: Notified event "kernel.controller" to listener "Sensio\Bundle\FrameworkExtraBundle\EventListener\TemplateListener::onKernelController". [] []
[2016-09-12 20:06:55] php.INFO: Accessing type "repeated" by its string name is deprecated since version 2.8 and will be removed in 3.0. Use the fully-qualified type class name "Symfony\Component\Form\Extension\Core\Type\RepeatedType" instead. {"type":16384,"file":"C:\\xampp\\htdocs\\EHS\\vendor\\symfony\\symfony\\src\\Symfony\\Component\\Form\\FormRegistry.php","line":100,"level":28928,"stack":[{"function":"handleError","class":"Symfony\\Component\\Debug\\ErrorHandler","type":"->"},{"file":"C:\\xampp\\htdocs\\EHS\\vendor\\symfony\\symfony\\src\\Symfony\\Component\\Form\\FormRegistry.php","line":100,"function":"trigger_error"},{"file":"C:\\xampp\\htdocs\\EHS\\vendor\\symfony\\symfony\\src\\Symfony\\Component\\Form\\FormFactory.php","line":107,"function":"getType","class":"Symfony\\Component\\Form\\FormRegistry","type":"->"},{"file":"C:\\xampp\\htdocs\\EHS\\vendor\\symfony\\symfony\\src\\Symfony\\Component\\Form\\FormBuilder.php","line":106,"function":"createNamedBuilder","class":"Symfony\\Component\\Form\\FormFactory","type":"->"},{"file":"C:\\xampp\\htdocs\\EHS\\vendor\\symfony\\symfony\\src\\Symfony\\Component\\Form\\FormBuilder.php","line":269,"function":"create","class":"Symfony\\Component\\Form\\FormBuilder","type":"->"},{"file":"C:\\xampp\\htdocs\\EHS\\vendor\\symfony\\symfony\\src\\Symfony\\Component\\Form\\FormBuilder.php","line":215,"function":"resolveChildren","class":"Symfony\\Component\\Form\\FormBuilder","type":"->"},{"file":"C:\\xampp\\htdocs\\EHS\\vendor\\symfony\\symfony\\src\\Symfony\\Component\\Form\\FormFactory.php","line":40,"function":"getForm","class":"Symfony\\Component\\Form\\FormBuilder","type":"->"},{"file":"C:\\xampp\\htdocs\\EHS\\vendor\\symfony\\symfony\\src\\Symfony\\Bundle\\FrameworkBundle\\Controller\\Controller.php","line":282,"function":"create","class":"Symfony\\Component\\Form\\FormFactory","type":"->"},{"file":"C:\\xampp\\htdocs\\EHS\\src\\EhsBundle\\Controller\\UsersController.php","line":48,"function":"createForm","class":"Symfony\\Bundle\\FrameworkBundle\\Controller\\Controller","type":"->"},{"function":"newAction","class":"EhsBundle\\Controller\\UsersController","type":"->"},{"file":"C:\\xampp\\htdocs\\EHS\\app\\bootstrap.php.cache","line":2728,"function":"call_user_func_array"},{"file":"C:\\xampp\\htdocs\\EHS\\app\\bootstrap.php.cache","line":2687,"function":"handleRaw","class":"Symfony\\Component\\HttpKernel\\HttpKernel","type":"->"},{"file":"C:\\xampp\\htdocs\\EHS\\app\\bootstrap.php.cache","line":2841,"function":"handle","class":"Symfony\\Component\\HttpKernel\\HttpKernel","type":"->"},{"file":"C:\\xampp\\htdocs\\EHS\\vendor\\symfony\\symfony\\src\\Symfony\\Component\\HttpKernel\\Kernel.php","line":185,"function":"handle","class":"Symfony\\Component\\HttpKernel\\DependencyInjection\\ContainerAwareHttpKernel","type":"->"},{"file":"C:\\xampp\\htdocs\\EHS\\web\\app.php","line":30,"function":"handle","class":"Symfony\\Component\\HttpKernel\\Kernel","type":"->"}]} []
[2016-09-12 20:06:57] request.CRITICAL: Uncaught PHP Exception Doctrine\DBAL\Exception\ConnectionException: "An exception occured in driver: SQLSTATE[HY000] [2002] php_network_getaddresses: getaddrinfo failed: Le nom demandé est valide, mais aucune donnée du type requise n’a été trouvée. " at C:\xampp\htdocs\EHS\vendor\doctrine\dbal\lib\Doctrine\DBAL\Driver\AbstractMySQLDriver.php line 103  []
[2016-09-12 20:06:57] event.DEBUG: Notified event "kernel.request" to listener "Symfony\Component\HttpKernel\EventListener\DebugHandlersListener::configure". [] []
[2016-09-12 20:06:57] event.DEBUG: Notified event "kernel.request" to listener "Symfony\Component\HttpKernel\EventListener\ValidateRequestListener::onKernelRequest". [] []
[2016-09-12 20:06:57] event.DEBUG: Notified event "kernel.request" to listener "Symfony\Bundle\FrameworkBundle\EventListener\SessionListener::onKernelRequest". [] []
[2016-09-12 20:06:57] event.DEBUG: Notified event "kernel.request" to listener "Symfony\Component\HttpKernel\EventListener\FragmentListener::onKernelRequest". [] []
[2016-09-12 20:06:57] event.DEBUG: Notified event "kernel.request" to listener "Symfony\Component\HttpKernel\EventListener\RouterListener::onKernelRequest". [] []
[2016-09-12 20:06:57] event.DEBUG: Notified event "kernel.request" to listener "Symfony\Component\HttpKernel\EventListener\LocaleListener::onKernelRequest". [] []
[2016-09-12 20:06:57] event.DEBUG: Notified event "kernel.request" to listener "Symfony\Component\HttpKernel\EventListener\TranslatorListener::onKernelRequest". [] []
[2016-09-12 20:06:57] event.DEBUG: Notified event "kernel.request" to listener "Symfony\Component\Security\Http\Firewall::onKernelRequest". [] []
[2016-09-12 20:06:57] event.DEBUG: Notified event "kernel.controller" to listener "Sensio\Bundle\FrameworkExtraBundle\EventListener\ControllerListener::onKernelController". [] []
[2016-09-12 20:06:57] event.DEBUG: Notified event "kernel.controller" to listener "Sensio\Bundle\FrameworkExtraBundle\EventListener\ParamConverterListener::onKernelController". [] []
[2016-09-12 20:06:57] event.DEBUG: Notified event "kernel.controller" to listener "Sensio\Bundle\FrameworkExtraBundle\EventListener\HttpCacheListener::onKernelController". [] []
[2016-09-12 20:06:57] event.DEBUG: Notified event "kernel.controller" to listener "Sensio\Bundle\FrameworkExtraBundle\EventListener\SecurityListener::onKernelController". [] []
[2016-09-12 20:06:57] event.DEBUG: Notified event "kernel.controller" to listener "Sensio\Bundle\FrameworkExtraBundle\EventListener\TemplateListener::onKernelController". [] []
[2016-09-12 20:06:58] event.DEBUG: Notified event "kernel.response" to listener "Symfony\Component\Security\Http\Firewall\ContextListener::onKernelResponse". [] []
[2016-09-12 20:06:58] event.DEBUG: Notified event "kernel.response" to listener "Symfony\Component\HttpKernel\EventListener\ResponseListener::onKernelResponse". [] []
[2016-09-12 20:06:58] event.DEBUG: Notified event "kernel.response" to listener "Symfony\Component\Security\Http\RememberMe\ResponseListener::onKernelResponse". [] []
[2016-09-12 20:06:58] event.DEBUG: Notified event "kernel.response" to listener "Sensio\Bundle\FrameworkExtraBundle\EventListener\HttpCacheListener::onKernelResponse". [] []
[2016-09-12 20:06:58] event.DEBUG: Notified event "kernel.response" to listener "Symfony\Component\HttpKernel\EventListener\SaveSessionListener::onKernelResponse". [] []
[2016-09-12 20:06:58] event.DEBUG: Notified event "kernel.response" to listener "Symfony\Component\HttpKernel\EventListener\StreamedResponseListener::onKernelResponse". [] []
[2016-09-12 20:06:58] event.DEBUG: Notified event "kernel.finish_request" to listener "Symfony\Component\HttpKernel\EventListener\LocaleListener::onKernelFinishRequest". [] []
[2016-09-12 20:06:58] event.DEBUG: Notified event "kernel.finish_request" to listener "Symfony\Component\HttpKernel\EventListener\TranslatorListener::onKernelFinishRequest". [] []
[2016-09-12 20:06:58] event.DEBUG: Notified event "kernel.finish_request" to listener "Symfony\Component\HttpKernel\EventListener\RouterListener::onKernelFinishRequest". [] []
[2016-09-12 20:06:58] event.DEBUG: Notified event "kernel.finish_request" to listener "Symfony\Component\Security\Http\Firewall::onKernelFinishRequest". [] []
[2016-09-12 20:06:58] event.DEBUG: Notified event "kernel.exception" to listener "Symfony\Component\Security\Http\Firewall\ExceptionListener::onKernelException". [] []
[2016-09-12 20:06:58] event.DEBUG: Notified event "kernel.exception" to listener "Symfony\Component\HttpKernel\EventListener\ExceptionListener::onKernelException". [] []
[2016-09-12 20:06:58] event.DEBUG: Listener "Symfony\Component\HttpKernel\EventListener\ExceptionListener::onKernelException" stopped propagation of the event "kernel.exception". [] []
[2016-09-12 20:06:58] event.DEBUG: Notified event "kernel.response" to listener "Symfony\Component\HttpKernel\EventListener\ResponseListener::onKernelResponse". [] []
[2016-09-12 20:06:58] event.DEBUG: Notified event "kernel.response" to listener "Symfony\Component\Security\Http\RememberMe\ResponseListener::onKernelResponse". [] []
[2016-09-12 20:06:58] event.DEBUG: Notified event "kernel.response" to listener "Sensio\Bundle\FrameworkExtraBundle\EventListener\HttpCacheListener::onKernelResponse". [] []
[2016-09-12 20:06:58] event.DEBUG: Notified event "kernel.response" to listener "Symfony\Component\HttpKernel\EventListener\SaveSessionListener::onKernelResponse". [] []
[2016-09-12 20:06:58] event.DEBUG: Notified event "kernel.response" to listener "Symfony\Component\HttpKernel\EventListener\StreamedResponseListener::onKernelResponse". [] []
[2016-09-12 20:06:58] event.DEBUG: Notified event "kernel.finish_request" to listener "Symfony\Component\HttpKernel\EventListener\LocaleListener::onKernelFinishRequest". [] []
[2016-09-12 20:06:58] event.DEBUG: Notified event "kernel.finish_request" to listener "Symfony\Component\HttpKernel\EventListener\TranslatorListener::onKernelFinishRequest". [] []
[2016-09-12 20:06:58] event.DEBUG: Notified event "kernel.finish_request" to listener "Symfony\Component\HttpKernel\EventListener\RouterListener::onKernelFinishRequest". [] []
[2016-09-12 20:06:58] event.DEBUG: Notified event "kernel.finish_request" to listener "Symfony\Component\Security\Http\Firewall::onKernelFinishRequest". [] []
[2016-09-12 20:06:58] event.DEBUG: Notified event "kernel.terminate" to listener "Symfony\Bundle\SwiftmailerBundle\EventListener\EmailSenderListener::onTerminate". [] []
[2016-09-12 20:07:15] request.INFO: Matched route "users_new". {"route_parameters":{"_controller":"EhsBundle\\Controller\\UsersController::newAction","_route":"users_new"},"request_uri":"http://localhost/ehs/web/users/new"} []
[2016-09-12 20:07:15] security.INFO: Populated the TokenStorage with an anonymous Token. [] []
[2016-09-12 20:07:15] event.DEBUG: Notified event "kernel.request" to listener "Symfony\Component\HttpKernel\EventListener\DebugHandlersListener::configure". [] []
[2016-09-12 20:07:15] event.DEBUG: Notified event "kernel.request" to listener "Symfony\Component\HttpKernel\EventListener\ValidateRequestListener::onKernelRequest". [] []
[2016-09-12 20:07:15] event.DEBUG: Notified event "kernel.request" to listener "Symfony\Bundle\FrameworkBundle\EventListener\SessionListener::onKernelRequest". [] []
[2016-09-12 20:07:15] event.DEBUG: Notified event "kernel.request" to listener "Symfony\Component\HttpKernel\EventListener\FragmentListener::onKernelRequest". [] []
[2016-09-12 20:07:15] event.DEBUG: Notified event "kernel.request" to listener "Symfony\Component\HttpKernel\EventListener\RouterListener::onKernelRequest". [] []
[2016-09-12 20:07:15] event.DEBUG: Notified event "kernel.request" to listener "Symfony\Component\HttpKernel\EventListener\LocaleListener::onKernelRequest". [] []
[2016-09-12 20:07:15] event.DEBUG: Notified event "kernel.request" to listener "Symfony\Component\HttpKernel\EventListener\TranslatorListener::onKernelRequest". [] []
[2016-09-12 20:07:15] event.DEBUG: Notified event "kernel.request" to listener "Symfony\Component\Security\Http\Firewall::onKernelRequest". [] []
[2016-09-12 20:07:15] event.DEBUG: Notified event "kernel.controller" to listener "Sensio\Bundle\FrameworkExtraBundle\EventListener\ControllerListener::onKernelController". [] []
[2016-09-12 20:07:15] event.DEBUG: Notified event "kernel.controller" to listener "Sensio\Bundle\FrameworkExtraBundle\EventListener\ParamConverterListener::onKernelController". [] []
[2016-09-12 20:07:15] event.DEBUG: Notified event "kernel.controller" to listener "Sensio\Bundle\FrameworkExtraBundle\EventListener\HttpCacheListener::onKernelController". [] []
[2016-09-12 20:07:15] event.DEBUG: Notified event "kernel.controller" to listener "Sensio\Bundle\FrameworkExtraBundle\EventListener\SecurityListener::onKernelController". [] []
[2016-09-12 20:07:15] event.DEBUG: Notified event "kernel.controller" to listener "Sensio\Bundle\FrameworkExtraBundle\EventListener\TemplateListener::onKernelController". [] []
[2016-09-12 20:07:15] php.INFO: Accessing type "repeated" by its string name is deprecated since version 2.8 and will be removed in 3.0. Use the fully-qualified type class name "Symfony\Component\Form\Extension\Core\Type\RepeatedType" instead. {"type":16384,"file":"C:\\xampp\\htdocs\\EHS\\vendor\\symfony\\symfony\\src\\Symfony\\Component\\Form\\FormRegistry.php","line":100,"level":28928,"stack":[{"function":"handleError","class":"Symfony\\Component\\Debug\\ErrorHandler","type":"->"},{"file":"C:\\xampp\\htdocs\\EHS\\vendor\\symfony\\symfony\\src\\Symfony\\Component\\Form\\FormRegistry.php","line":100,"function":"trigger_error"},{"file":"C:\\xampp\\htdocs\\EHS\\vendor\\symfony\\symfony\\src\\Symfony\\Component\\Form\\FormFactory.php","line":107,"function":"getType","class":"Symfony\\Component\\Form\\FormRegistry","type":"->"},{"file":"C:\\xampp\\htdocs\\EHS\\vendor\\symfony\\symfony\\src\\Symfony\\Component\\Form\\FormBuilder.php","line":106,"function":"createNamedBuilder","class":"Symfony\\Component\\Form\\FormFactory","type":"->"},{"file":"C:\\xampp\\htdocs\\EHS\\vendor\\symfony\\symfony\\src\\Symfony\\Component\\Form\\FormBuilder.php","line":269,"function":"create","class":"Symfony\\Component\\Form\\FormBuilder","type":"->"},{"file":"C:\\xampp\\htdocs\\EHS\\vendor\\symfony\\symfony\\src\\Symfony\\Component\\Form\\FormBuilder.php","line":215,"function":"resolveChildren","class":"Symfony\\Component\\Form\\FormBuilder","type":"->"},{"file":"C:\\xampp\\htdocs\\EHS\\vendor\\symfony\\symfony\\src\\Symfony\\Component\\Form\\FormFactory.php","line":40,"function":"getForm","class":"Symfony\\Component\\Form\\FormBuilder","type":"->"},{"file":"C:\\xampp\\htdocs\\EHS\\vendor\\symfony\\symfony\\src\\Symfony\\Bundle\\FrameworkBundle\\Controller\\Controller.php","line":282,"function":"create","class":"Symfony\\Component\\Form\\FormFactory","type":"->"},{"file":"C:\\xampp\\htdocs\\EHS\\src\\EhsBundle\\Controller\\UsersController.php","line":48,"function":"createForm","class":"Symfony\\Bundle\\FrameworkBundle\\Controller\\Controller","type":"->"},{"function":"newAction","class":"EhsBundle\\Controller\\UsersController","type":"->"},{"file":"C:\\xampp\\htdocs\\EHS\\app\\bootstrap.php.cache","line":2728,"function":"call_user_func_array"},{"file":"C:\\xampp\\htdocs\\EHS\\app\\bootstrap.php.cache","line":2687,"function":"handleRaw","class":"Symfony\\Component\\HttpKernel\\HttpKernel","type":"->"},{"file":"C:\\xampp\\htdocs\\EHS\\app\\bootstrap.php.cache","line":2841,"function":"handle","class":"Symfony\\Component\\HttpKernel\\HttpKernel","type":"->"},{"file":"C:\\xampp\\htdocs\\EHS\\vendor\\symfony\\symfony\\src\\Symfony\\Component\\HttpKernel\\Kernel.php","line":185,"function":"handle","class":"Symfony\\Component\\HttpKernel\\DependencyInjection\\ContainerAwareHttpKernel","type":"->"},{"file":"C:\\xampp\\htdocs\\EHS\\web\\app.php","line":30,"function":"handle","class":"Symfony\\Component\\HttpKernel\\Kernel","type":"->"}]} []
[2016-09-12 20:07:16] request.CRITICAL: Uncaught PHP Exception Doctrine\DBAL\Exception\ConnectionException: "An exception occured in driver: SQLSTATE[HY000] [2002] php_network_getaddresses: getaddrinfo failed: Le nom demandé est valide, mais aucune donnée du type requise n’a été trouvée. " at C:\xampp\htdocs\EHS\vendor\doctrine\dbal\lib\Doctrine\DBAL\Driver\AbstractMySQLDriver.php line 103  []
[2016-09-12 20:07:16] event.DEBUG: Notified event "kernel.request" to listener "Symfony\Component\HttpKernel\EventListener\DebugHandlersListener::configure". [] []
[2016-09-12 20:07:16] event.DEBUG: Notified event "kernel.request" to listener "Symfony\Component\HttpKernel\EventListener\ValidateRequestListener::onKernelRequest". [] []
[2016-09-12 20:07:16] event.DEBUG: Notified event "kernel.request" to listener "Symfony\Bundle\FrameworkBundle\EventListener\SessionListener::onKernelRequest". [] []
[2016-09-12 20:07:16] event.DEBUG: Notified event "kernel.request" to listener "Symfony\Component\HttpKernel\EventListener\FragmentListener::onKernelRequest". [] []
[2016-09-12 20:07:16] event.DEBUG: Notified event "kernel.request" to listener "Symfony\Component\HttpKernel\EventListener\RouterListener::onKernelRequest". [] []
[2016-09-12 20:07:16] event.DEBUG: Notified event "kernel.request" to listener "Symfony\Component\HttpKernel\EventListener\LocaleListener::onKernelRequest". [] []
[2016-09-12 20:07:16] event.DEBUG: Notified event "kernel.request" to listener "Symfony\Component\HttpKernel\EventListener\TranslatorListener::onKernelRequest". [] []
[2016-09-12 20:07:16] event.DEBUG: Notified event "kernel.request" to listener "Symfony\Component\Security\Http\Firewall::onKernelRequest". [] []
[2016-09-12 20:07:16] event.DEBUG: Notified event "kernel.controller" to listener "Sensio\Bundle\FrameworkExtraBundle\EventListener\ControllerListener::onKernelController". [] []
[2016-09-12 20:07:16] event.DEBUG: Notified event "kernel.controller" to listener "Sensio\Bundle\FrameworkExtraBundle\EventListener\ParamConverterListener::onKernelController". [] []
[2016-09-12 20:07:16] event.DEBUG: Notified event "kernel.controller" to listener "Sensio\Bundle\FrameworkExtraBundle\EventListener\HttpCacheListener::onKernelController". [] []
[2016-09-12 20:07:16] event.DEBUG: Notified event "kernel.controller" to listener "Sensio\Bundle\FrameworkExtraBundle\EventListener\SecurityListener::onKernelController". [] []
[2016-09-12 20:07:16] event.DEBUG: Notified event "kernel.controller" to listener "Sensio\Bundle\FrameworkExtraBundle\EventListener\TemplateListener::onKernelController". [] []
[2016-09-12 20:07:17] event.DEBUG: Notified event "kernel.response" to listener "Symfony\Component\Security\Http\Firewall\ContextListener::onKernelResponse". [] []
[2016-09-12 20:07:17] event.DEBUG: Notified event "kernel.response" to listener "Symfony\Component\HttpKernel\EventListener\ResponseListener::onKernelResponse". [] []
[2016-09-12 20:07:17] event.DEBUG: Notified event "kernel.response" to listener "Symfony\Component\Security\Http\RememberMe\ResponseListener::onKernelResponse". [] []
[2016-09-12 20:07:17] event.DEBUG: Notified event "kernel.response" to listener "Sensio\Bundle\FrameworkExtraBundle\EventListener\HttpCacheListener::onKernelResponse". [] []
[2016-09-12 20:07:17] event.DEBUG: Notified event "kernel.response" to listener "Symfony\Component\HttpKernel\EventListener\SaveSessionListener::onKernelResponse". [] []
[2016-09-12 20:07:17] event.DEBUG: Notified event "kernel.response" to listener "Symfony\Component\HttpKernel\EventListener\StreamedResponseListener::onKernelResponse". [] []
[2016-09-12 20:07:17] event.DEBUG: Notified event "kernel.finish_request" to listener "Symfony\Component\HttpKernel\EventListener\LocaleListener::onKernelFinishRequest". [] []
[2016-09-12 20:07:17] event.DEBUG: Notified event "kernel.finish_request" to listener "Symfony\Component\HttpKernel\EventListener\TranslatorListener::onKernelFinishRequest". [] []
[2016-09-12 20:07:17] event.DEBUG: Notified event "kernel.finish_request" to listener "Symfony\Component\HttpKernel\EventListener\RouterListener::onKernelFinishRequest". [] []
[2016-09-12 20:07:17] event.DEBUG: Notified event "kernel.finish_request" to listener "Symfony\Component\Security\Http\Firewall::onKernelFinishRequest". [] []
[2016-09-12 20:07:17] event.DEBUG: Notified event "kernel.exception" to listener "Symfony\Component\Security\Http\Firewall\ExceptionListener::onKernelException". [] []
[2016-09-12 20:07:17] event.DEBUG: Notified event "kernel.exception" to listener "Symfony\Component\HttpKernel\EventListener\ExceptionListener::onKernelException". [] []
[2016-09-12 20:07:17] event.DEBUG: Listener "Symfony\Component\HttpKernel\EventListener\ExceptionListener::onKernelException" stopped propagation of the event "kernel.exception". [] []
[2016-09-12 20:07:17] event.DEBUG: Notified event "kernel.response" to listener "Symfony\Component\HttpKernel\EventListener\ResponseListener::onKernelResponse". [] []
[2016-09-12 20:07:17] event.DEBUG: Notified event "kernel.response" to listener "Symfony\Component\Security\Http\RememberMe\ResponseListener::onKernelResponse". [] []
[2016-09-12 20:07:17] event.DEBUG: Notified event "kernel.response" to listener "Sensio\Bundle\FrameworkExtraBundle\EventListener\HttpCacheListener::onKernelResponse". [] []
[2016-09-12 20:07:17] event.DEBUG: Notified event "kernel.response" to listener "Symfony\Component\HttpKernel\EventListener\SaveSessionListener::onKernelResponse". [] []
[2016-09-12 20:07:17] event.DEBUG: Notified event "kernel.response" to listener "Symfony\Component\HttpKernel\EventListener\StreamedResponseListener::onKernelResponse". [] []
[2016-09-12 20:07:17] event.DEBUG: Notified event "kernel.finish_request" to listener "Symfony\Component\HttpKernel\EventListener\LocaleListener::onKernelFinishRequest". [] []
[2016-09-12 20:07:17] event.DEBUG: Notified event "kernel.finish_request" to listener "Symfony\Component\HttpKernel\EventListener\TranslatorListener::onKernelFinishRequest". [] []
[2016-09-12 20:07:17] event.DEBUG: Notified event "kernel.finish_request" to listener "Symfony\Component\HttpKernel\EventListener\RouterListener::onKernelFinishRequest". [] []
[2016-09-12 20:07:17] event.DEBUG: Notified event "kernel.finish_request" to listener "Symfony\Component\Security\Http\Firewall::onKernelFinishRequest". [] []
[2016-09-12 20:07:17] event.DEBUG: Notified event "kernel.terminate" to listener "Symfony\Bundle\SwiftmailerBundle\EventListener\EmailSenderListener::onTerminate". [] []
[2016-09-12 20:07:31] request.INFO: Matched route "users_new". {"route_parameters":{"_controller":"EhsBundle\\Controller\\UsersController::newAction","_route":"users_new"},"request_uri":"http://localhost/ehs/web/users/new"} []
[2016-09-12 20:07:31] security.INFO: Populated the TokenStorage with an anonymous Token. [] []
[2016-09-12 20:07:31] event.DEBUG: Notified event "kernel.request" to listener "Symfony\Component\HttpKernel\EventListener\DebugHandlersListener::configure". [] []
[2016-09-12 20:07:31] event.DEBUG: Notified event "kernel.request" to listener "Symfony\Component\HttpKernel\EventListener\ValidateRequestListener::onKernelRequest". [] []
[2016-09-12 20:07:31] event.DEBUG: Notified event "kernel.request" to listener "Symfony\Bundle\FrameworkBundle\EventListener\SessionListener::onKernelRequest". [] []
[2016-09-12 20:07:31] event.DEBUG: Notified event "kernel.request" to listener "Symfony\Component\HttpKernel\EventListener\FragmentListener::onKernelRequest". [] []
[2016-09-12 20:07:31] event.DEBUG: Notified event "kernel.request" to listener "Symfony\Component\HttpKernel\EventListener\RouterListener::onKernelRequest". [] []
[2016-09-12 20:07:31] event.DEBUG: Notified event "kernel.request" to listener "Symfony\Component\HttpKernel\EventListener\LocaleListener::onKernelRequest". [] []
[2016-09-12 20:07:31] event.DEBUG: Notified event "kernel.request" to listener "Symfony\Component\HttpKernel\EventListener\TranslatorListener::onKernelRequest". [] []
[2016-09-12 20:07:31] event.DEBUG: Notified event "kernel.request" to listener "Symfony\Component\Security\Http\Firewall::onKernelRequest". [] []
[2016-09-12 20:07:31] event.DEBUG: Notified event "kernel.controller" to listener "Sensio\Bundle\FrameworkExtraBundle\EventListener\ControllerListener::onKernelController". [] []
[2016-09-12 20:07:31] event.DEBUG: Notified event "kernel.controller" to listener "Sensio\Bundle\FrameworkExtraBundle\EventListener\ParamConverterListener::onKernelController". [] []
[2016-09-12 20:07:31] event.DEBUG: Notified event "kernel.controller" to listener "Sensio\Bundle\FrameworkExtraBundle\EventListener\HttpCacheListener::onKernelController". [] []
[2016-09-12 20:07:31] event.DEBUG: Notified event "kernel.controller" to listener "Sensio\Bundle\FrameworkExtraBundle\EventListener\SecurityListener::onKernelController". [] []
[2016-09-12 20:07:31] event.DEBUG: Notified event "kernel.controller" to listener "Sensio\Bundle\FrameworkExtraBundle\EventListener\TemplateListener::onKernelController". [] []
[2016-09-12 20:07:31] php.INFO: Accessing type "repeated" by its string name is deprecated since version 2.8 and will be removed in 3.0. Use the fully-qualified type class name "Symfony\Component\Form\Extension\Core\Type\RepeatedType" instead. {"type":16384,"file":"C:\\xampp\\htdocs\\EHS\\vendor\\symfony\\symfony\\src\\Symfony\\Component\\Form\\FormRegistry.php","line":100,"level":28928,"stack":[{"function":"handleError","class":"Symfony\\Component\\Debug\\ErrorHandler","type":"->"},{"file":"C:\\xampp\\htdocs\\EHS\\vendor\\symfony\\symfony\\src\\Symfony\\Component\\Form\\FormRegistry.php","line":100,"function":"trigger_error"},{"file":"C:\\xampp\\htdocs\\EHS\\vendor\\symfony\\symfony\\src\\Symfony\\Component\\Form\\FormFactory.php","line":107,"function":"getType","class":"Symfony\\Component\\Form\\FormRegistry","type":"->"},{"file":"C:\\xampp\\htdocs\\EHS\\vendor\\symfony\\symfony\\src\\Symfony\\Component\\Form\\FormBuilder.php","line":106,"function":"createNamedBuilder","class":"Symfony\\Component\\Form\\FormFactory","type":"->"},{"file":"C:\\xampp\\htdocs\\EHS\\vendor\\symfony\\symfony\\src\\Symfony\\Component\\Form\\FormBuilder.php","line":269,"function":"create","class":"Symfony\\Component\\Form\\FormBuilder","type":"->"},{"file":"C:\\xampp\\htdocs\\EHS\\vendor\\symfony\\symfony\\src\\Symfony\\Component\\Form\\FormBuilder.php","line":215,"function":"resolveChildren","class":"Symfony\\Component\\Form\\FormBuilder","type":"->"},{"file":"C:\\xampp\\htdocs\\EHS\\vendor\\symfony\\symfony\\src\\Symfony\\Component\\Form\\FormFactory.php","line":40,"function":"getForm","class":"Symfony\\Component\\Form\\FormBuilder","type":"->"},{"file":"C:\\xampp\\htdocs\\EHS\\vendor\\symfony\\symfony\\src\\Symfony\\Bundle\\FrameworkBundle\\Controller\\Controller.php","line":282,"function":"create","class":"Symfony\\Component\\Form\\FormFactory","type":"->"},{"file":"C:\\xampp\\htdocs\\EHS\\src\\EhsBundle\\Controller\\UsersController.php","line":48,"function":"createForm","class":"Symfony\\Bundle\\FrameworkBundle\\Controller\\Controller","type":"->"},{"function":"newAction","class":"EhsBundle\\Controller\\UsersController","type":"->"},{"file":"C:\\xampp\\htdocs\\EHS\\app\\bootstrap.php.cache","line":2728,"function":"call_user_func_array"},{"file":"C:\\xampp\\htdocs\\EHS\\app\\bootstrap.php.cache","line":2687,"function":"handleRaw","class":"Symfony\\Component\\HttpKernel\\HttpKernel","type":"->"},{"file":"C:\\xampp\\htdocs\\EHS\\app\\bootstrap.php.cache","line":2841,"function":"handle","class":"Symfony\\Component\\HttpKernel\\HttpKernel","type":"->"},{"file":"C:\\xampp\\htdocs\\EHS\\vendor\\symfony\\symfony\\src\\Symfony\\Component\\HttpKernel\\Kernel.php","line":185,"function":"handle","class":"Symfony\\Component\\HttpKernel\\DependencyInjection\\ContainerAwareHttpKernel","type":"->"},{"file":"C:\\xampp\\htdocs\\EHS\\web\\app.php","line":30,"function":"handle","class":"Symfony\\Component\\HttpKernel\\Kernel","type":"->"}]} []
[2016-09-12 20:07:32] request.CRITICAL: Uncaught PHP Exception Doctrine\DBAL\Exception\ConnectionException: "An exception occured in driver: SQLSTATE[HY000] [2002] php_network_getaddresses: getaddrinfo failed: Le nom demandé est valide, mais aucune donnée du type requise n’a été trouvée. " at C:\xampp\htdocs\EHS\vendor\doctrine\dbal\lib\Doctrine\DBAL\Driver\AbstractMySQLDriver.php line 103  []
[2016-09-12 20:07:32] event.DEBUG: Notified event "kernel.request" to listener "Symfony\Component\HttpKernel\EventListener\DebugHandlersListener::configure". [] []
[2016-09-12 20:07:32] event.DEBUG: Notified event "kernel.request" to listener "Symfony\Component\HttpKernel\EventListener\ValidateRequestListener::onKernelRequest". [] []
[2016-09-12 20:07:32] event.DEBUG: Notified event "kernel.request" to listener "Symfony\Bundle\FrameworkBundle\EventListener\SessionListener::onKernelRequest". [] []
[2016-09-12 20:07:32] event.DEBUG: Notified event "kernel.request" to listener "Symfony\Component\HttpKernel\EventListener\FragmentListener::onKernelRequest". [] []
[2016-09-12 20:07:32] event.DEBUG: Notified event "kernel.request" to listener "Symfony\Component\HttpKernel\EventListener\RouterListener::onKernelRequest". [] []
[2016-09-12 20:07:32] event.DEBUG: Notified event "kernel.request" to listener "Symfony\Component\HttpKernel\EventListener\LocaleListener::onKernelRequest". [] []
[2016-09-12 20:07:32] event.DEBUG: Notified event "kernel.request" to listener "Symfony\Component\HttpKernel\EventListener\TranslatorListener::onKernelRequest". [] []
[2016-09-12 20:07:32] event.DEBUG: Notified event "kernel.request" to listener "Symfony\Component\Security\Http\Firewall::onKernelRequest". [] []
[2016-09-12 20:07:32] event.DEBUG: Notified event "kernel.controller" to listener "Sensio\Bundle\FrameworkExtraBundle\EventListener\ControllerListener::onKernelController". [] []
[2016-09-12 20:07:32] event.DEBUG: Notified event "kernel.controller" to listener "Sensio\Bundle\FrameworkExtraBundle\EventListener\ParamConverterListener::onKernelController". [] []
[2016-09-12 20:07:32] event.DEBUG: Notified event "kernel.controller" to listener "Sensio\Bundle\FrameworkExtraBundle\EventListener\HttpCacheListener::onKernelController". [] []
[2016-09-12 20:07:32] event.DEBUG: Notified event "kernel.controller" to listener "Sensio\Bundle\FrameworkExtraBundle\EventListener\SecurityListener::onKernelController". [] []
[2016-09-12 20:07:32] event.DEBUG: Notified event "kernel.controller" to listener "Sensio\Bundle\FrameworkExtraBundle\EventListener\TemplateListener::onKernelController". [] []
[2016-09-12 20:07:33] event.DEBUG: Notified event "kernel.response" to listener "Symfony\Component\Security\Http\Firewall\ContextListener::onKernelResponse". [] []
[2016-09-12 20:07:33] event.DEBUG: Notified event "kernel.response" to listener "Symfony\Component\HttpKernel\EventListener\ResponseListener::onKernelResponse". [] []
[2016-09-12 20:07:33] event.DEBUG: Notified event "kernel.response" to listener "Symfony\Component\Security\Http\RememberMe\ResponseListener::onKernelResponse". [] []
[2016-09-12 20:07:33] event.DEBUG: Notified event "kernel.response" to listener "Sensio\Bundle\FrameworkExtraBundle\EventListener\HttpCacheListener::onKernelResponse". [] []
[2016-09-12 20:07:33] event.DEBUG: Notified event "kernel.response" to listener "Symfony\Component\HttpKernel\EventListener\SaveSessionListener::onKernelResponse". [] []
[2016-09-12 20:07:33] event.DEBUG: Notified event "kernel.response" to listener "Symfony\Component\HttpKernel\EventListener\StreamedResponseListener::onKernelResponse". [] []
[2016-09-12 20:07:33] event.DEBUG: Notified event "kernel.finish_request" to listener "Symfony\Component\HttpKernel\EventListener\LocaleListener::onKernelFinishRequest". [] []
[2016-09-12 20:07:33] event.DEBUG: Notified event "kernel.finish_request" to listener "Symfony\Component\HttpKernel\EventListener\TranslatorListener::onKernelFinishRequest". [] []
[2016-09-12 20:07:33] event.DEBUG: Notified event "kernel.finish_request" to listener "Symfony\Component\HttpKernel\EventListener\RouterListener::onKernelFinishRequest". [] []
[2016-09-12 20:07:33] event.DEBUG: Notified event "kernel.finish_request" to listener "Symfony\Component\Security\Http\Firewall::onKernelFinishRequest". [] []
[2016-09-12 20:07:33] event.DEBUG: Notified event "kernel.exception" to listener "Symfony\Component\Security\Http\Firewall\ExceptionListener::onKernelException". [] []
[2016-09-12 20:07:33] event.DEBUG: Notified event "kernel.exception" to listener "Symfony\Component\HttpKernel\EventListener\ExceptionListener::onKernelException". [] []
[2016-09-12 20:07:33] event.DEBUG: Listener "Symfony\Component\HttpKernel\EventListener\ExceptionListener::onKernelException" stopped propagation of the event "kernel.exception". [] []
[2016-09-12 20:07:33] event.DEBUG: Notified event "kernel.response" to listener "Symfony\Component\HttpKernel\EventListener\ResponseListener::onKernelResponse". [] []
[2016-09-12 20:07:33] event.DEBUG: Notified event "kernel.response" to listener "Symfony\Component\Security\Http\RememberMe\ResponseListener::onKernelResponse". [] []
[2016-09-12 20:07:33] event.DEBUG: Notified event "kernel.response" to listener "Sensio\Bundle\FrameworkExtraBundle\EventListener\HttpCacheListener::onKernelResponse". [] []
[2016-09-12 20:07:33] event.DEBUG: Notified event "kernel.response" to listener "Symfony\Component\HttpKernel\EventListener\SaveSessionListener::onKernelResponse". [] []
[2016-09-12 20:07:33] event.DEBUG: Notified event "kernel.response" to listener "Symfony\Component\HttpKernel\EventListener\StreamedResponseListener::onKernelResponse". [] []
[2016-09-12 20:07:33] event.DEBUG: Notified event "kernel.finish_request" to listener "Symfony\Component\HttpKernel\EventListener\LocaleListener::onKernelFinishRequest". [] []
[2016-09-12 20:07:33] event.DEBUG: Notified event "kernel.finish_request" to listener "Symfony\Component\HttpKernel\EventListener\TranslatorListener::onKernelFinishRequest". [] []
[2016-09-12 20:07:33] event.DEBUG: Notified event "kernel.finish_request" to listener "Symfony\Component\HttpKernel\EventListener\RouterListener::onKernelFinishRequest". [] []
[2016-09-12 20:07:33] event.DEBUG: Notified event "kernel.finish_request" to listener "Symfony\Component\Security\Http\Firewall::onKernelFinishRequest". [] []
[2016-09-12 20:07:33] event.DEBUG: Notified event "kernel.terminate" to listener "Symfony\Bundle\SwiftmailerBundle\EventListener\EmailSenderListener::onTerminate". [] []
